<?xml version="1.0" encoding="UTF-8"?>
<!-- Generated by org.testng.reporters.JUnitReportReporter -->
<testsuite skipped="0" hostname="DESKTOP-KAS14N0" name="testCase.DBTest" tests="1" failures="0" timestamp="2021-12-02T01:38:06 IST" time="0.594" errors="0">
  <testcase name="t1_checkCell" time="0.594" classname="testCase.DBTest"/>
</testsuite> <!-- testCase.DBTest -->
