<?xml version="1.0" encoding="UTF-8"?>
<!-- Generated by org.testng.reporters.JUnitReportReporter -->
<testsuite skipped="0" hostname="DESKTOP-KAS14N0" name="testCase.GApi" tests="3" failures="0" timestamp="2021-12-01T14:47:39 IST" time="5.809" errors="0">
  <testcase name="t1_verifyKeysExist" time="2.945" classname="testCase.GApi"/>
  <testcase name="t3_key_B_Gone" time="0.154" classname="testCase.GApi"/>
  <testcase name="t2_keyCreator" time="2.710" classname="testCase.GApi"/>
</testsuite> <!-- testCase.GApi -->
